[INFO][2016-01-29 17:00:52,639][org.springframework.context.support.ClassPathXmlApplicationContext]Refreshing org.springframework.context.support.ClassPathXmlApplicationContext@a981ca: display name [org.springframework.context.support.ClassPathXmlApplicationContext@a981ca]; startup date [Fri Jan 29 17:00:52 CST 2016]; root of context hierarchy
[INFO][2016-01-29 17:00:52,839][org.springframework.beans.factory.xml.XmlBeanDefinitionReader]Loading XML bean definitions from class path resource [spring.xml]
[INFO][2016-01-29 17:00:53,608][org.springframework.context.support.ClassPathXmlApplicationContext]Bean factory for application context [org.springframework.context.support.ClassPathXmlApplicationContext@a981ca]: org.springframework.beans.factory.support.DefaultListableBeanFactory@1551d7f
[INFO][2016-01-29 17:00:53,737][org.springframework.beans.factory.config.PropertyPlaceholderConfigurer]Loading properties file from class path resource [config.properties]
[INFO][2016-01-29 17:00:53,875][org.springframework.beans.factory.support.DefaultListableBeanFactory]Pre-instantiating singletons in org.springframework.beans.factory.support.DefaultListableBeanFactory@1551d7f: defining beans [org.springframework.aop.config.internalAutoProxyCreator,logAspect,propertyConfigurer,userDao,userService,useraction]; root of factory hierarchy
[INFO][2016-01-29 17:00:53,911][org.springframework.beans.factory.support.DefaultListableBeanFactory]Destroying singletons in org.springframework.beans.factory.support.DefaultListableBeanFactory@1551d7f: defining beans [org.springframework.aop.config.internalAutoProxyCreator,logAspect,propertyConfigurer,userDao,userService,useraction]; root of factory hierarchy
[INFO][2016-01-29 17:02:02,044][org.springframework.context.support.ClassPathXmlApplicationContext]Refreshing org.springframework.context.support.ClassPathXmlApplicationContext@a981ca: display name [org.springframework.context.support.ClassPathXmlApplicationContext@a981ca]; startup date [Fri Jan 29 17:02:02 CST 2016]; root of context hierarchy
[INFO][2016-01-29 17:02:02,168][org.springframework.beans.factory.xml.XmlBeanDefinitionReader]Loading XML bean definitions from class path resource [spring.xml]
[INFO][2016-01-29 17:02:02,475][org.springframework.context.support.ClassPathXmlApplicationContext]Bean factory for application context [org.springframework.context.support.ClassPathXmlApplicationContext@a981ca]: org.springframework.beans.factory.support.DefaultListableBeanFactory@10382a9
[INFO][2016-01-29 17:02:02,559][org.springframework.beans.factory.config.PropertyPlaceholderConfigurer]Loading properties file from class path resource [config.properties]
[INFO][2016-01-29 17:02:02,633][org.springframework.beans.factory.support.DefaultListableBeanFactory]Pre-instantiating singletons in org.springframework.beans.factory.support.DefaultListableBeanFactory@10382a9: defining beans [org.springframework.aop.config.internalAutoProxyCreator,logAspect,propertyConfigurer,userDao,userService,useraction]; root of factory hierarchy
[INFO][2016-01-29 17:02:02,663][org.springframework.beans.factory.support.DefaultListableBeanFactory]Destroying singletons in org.springframework.beans.factory.support.DefaultListableBeanFactory@10382a9: defining beans [org.springframework.aop.config.internalAutoProxyCreator,logAspect,propertyConfigurer,userDao,userService,useraction]; root of factory hierarchy
[INFO][2016-01-29 17:04:01,163][org.springframework.context.support.ClassPathXmlApplicationContext]Refreshing org.springframework.context.support.ClassPathXmlApplicationContext@167d940: display name [org.springframework.context.support.ClassPathXmlApplicationContext@167d940]; startup date [Fri Jan 29 17:04:01 CST 2016]; root of context hierarchy
[INFO][2016-01-29 17:04:01,285][org.springframework.beans.factory.xml.XmlBeanDefinitionReader]Loading XML bean definitions from class path resource [spring.xml]
[INFO][2016-01-29 17:04:01,556][org.springframework.context.support.ClassPathXmlApplicationContext]Bean factory for application context [org.springframework.context.support.ClassPathXmlApplicationContext@167d940]: org.springframework.beans.factory.support.DefaultListableBeanFactory@30d082
[INFO][2016-01-29 17:04:01,632][org.springframework.beans.factory.config.PropertyPlaceholderConfigurer]Loading properties file from class path resource [config.properties]
[INFO][2016-01-29 17:04:01,714][org.springframework.beans.factory.support.DefaultListableBeanFactory]Pre-instantiating singletons in org.springframework.beans.factory.support.DefaultListableBeanFactory@30d082: defining beans [org.springframework.aop.config.internalAutoProxyCreator,logAspect,propertyConfigurer,userDao,userService,useraction]; root of factory hierarchy
[INFO][2016-01-29 17:04:01,739][org.springframework.beans.factory.support.DefaultListableBeanFactory]Destroying singletons in org.springframework.beans.factory.support.DefaultListableBeanFactory@30d082: defining beans [org.springframework.aop.config.internalAutoProxyCreator,logAspect,propertyConfigurer,userDao,userService,useraction]; root of factory hierarchy
[INFO][2016-01-29 17:04:53,447][org.springframework.context.support.ClassPathXmlApplicationContext]Refreshing org.springframework.context.support.ClassPathXmlApplicationContext@a981ca: display name [org.springframework.context.support.ClassPathXmlApplicationContext@a981ca]; startup date [Fri Jan 29 17:04:53 CST 2016]; root of context hierarchy
[INFO][2016-01-29 17:04:53,573][org.springframework.beans.factory.xml.XmlBeanDefinitionReader]Loading XML bean definitions from class path resource [spring.xml]
[INFO][2016-01-29 17:04:53,848][org.springframework.context.support.ClassPathXmlApplicationContext]Bean factory for application context [org.springframework.context.support.ClassPathXmlApplicationContext@a981ca]: org.springframework.beans.factory.support.DefaultListableBeanFactory@1551d7f
[INFO][2016-01-29 17:04:53,926][org.springframework.beans.factory.config.PropertyPlaceholderConfigurer]Loading properties file from class path resource [config.properties]
[INFO][2016-01-29 17:04:53,992][org.springframework.beans.factory.support.DefaultListableBeanFactory]Pre-instantiating singletons in org.springframework.beans.factory.support.DefaultListableBeanFactory@1551d7f: defining beans [org.springframework.aop.config.internalAutoProxyCreator,logAspect,propertyConfigurer,userDao,userService,useraction]; root of factory hierarchy
[INFO][2016-01-29 17:04:54,019][org.springframework.beans.factory.support.DefaultListableBeanFactory]Destroying singletons in org.springframework.beans.factory.support.DefaultListableBeanFactory@1551d7f: defining beans [org.springframework.aop.config.internalAutoProxyCreator,logAspect,propertyConfigurer,userDao,userService,useraction]; root of factory hierarchy
[INFO][2016-01-29 17:05:28,892][org.springframework.context.support.ClassPathXmlApplicationContext]Refreshing org.springframework.context.support.ClassPathXmlApplicationContext@743399: display name [org.springframework.context.support.ClassPathXmlApplicationContext@743399]; startup date [Fri Jan 29 17:05:28 CST 2016]; root of context hierarchy
[INFO][2016-01-29 17:05:29,026][org.springframework.beans.factory.xml.XmlBeanDefinitionReader]Loading XML bean definitions from class path resource [spring.xml]
[INFO][2016-01-29 17:05:29,341][org.springframework.context.support.ClassPathXmlApplicationContext]Bean factory for application context [org.springframework.context.support.ClassPathXmlApplicationContext@743399]: org.springframework.beans.factory.support.DefaultListableBeanFactory@a761fe
[INFO][2016-01-29 17:05:29,436][org.springframework.beans.factory.config.PropertyPlaceholderConfigurer]Loading properties file from class path resource [config.properties]
[INFO][2016-01-29 17:05:29,510][org.springframework.beans.factory.support.DefaultListableBeanFactory]Pre-instantiating singletons in org.springframework.beans.factory.support.DefaultListableBeanFactory@a761fe: defining beans [org.springframework.aop.config.internalAutoProxyCreator,logAspect,propertyConfigurer,userDao,userService,useraction]; root of factory hierarchy
[INFO][2016-01-29 17:05:29,539][org.springframework.beans.factory.support.DefaultListableBeanFactory]Destroying singletons in org.springframework.beans.factory.support.DefaultListableBeanFactory@a761fe: defining beans [org.springframework.aop.config.internalAutoProxyCreator,logAspect,propertyConfigurer,userDao,userService,useraction]; root of factory hierarchy
[INFO][2016-01-29 17:07:47,588][org.springframework.context.support.ClassPathXmlApplicationContext]Refreshing org.springframework.context.support.ClassPathXmlApplicationContext@e7b241: display name [org.springframework.context.support.ClassPathXmlApplicationContext@e7b241]; startup date [Fri Jan 29 17:07:47 CST 2016]; root of context hierarchy
[INFO][2016-01-29 17:07:47,700][org.springframework.beans.factory.xml.XmlBeanDefinitionReader]Loading XML bean definitions from class path resource [spring.xml]
[INFO][2016-01-29 17:07:47,971][org.springframework.context.support.ClassPathXmlApplicationContext]Bean factory for application context [org.springframework.context.support.ClassPathXmlApplicationContext@e7b241]: org.springframework.beans.factory.support.DefaultListableBeanFactory@1126b07
[INFO][2016-01-29 17:07:48,046][org.springframework.beans.factory.config.PropertyPlaceholderConfigurer]Loading properties file from class path resource [config.properties]
[INFO][2016-01-29 17:07:48,118][org.springframework.beans.factory.support.DefaultListableBeanFactory]Pre-instantiating singletons in org.springframework.beans.factory.support.DefaultListableBeanFactory@1126b07: defining beans [org.springframework.aop.config.internalAutoProxyCreator,logAspect,propertyConfigurer,userDao,userService,useraction]; root of factory hierarchy
[INFO][2016-01-29 17:07:48,144][org.springframework.beans.factory.support.DefaultListableBeanFactory]Destroying singletons in org.springframework.beans.factory.support.DefaultListableBeanFactory@1126b07: defining beans [org.springframework.aop.config.internalAutoProxyCreator,logAspect,propertyConfigurer,userDao,userService,useraction]; root of factory hierarchy
[INFO][2016-01-29 17:09:18,109][org.springframework.context.support.ClassPathXmlApplicationContext]Refreshing org.springframework.context.support.ClassPathXmlApplicationContext@743399: display name [org.springframework.context.support.ClassPathXmlApplicationContext@743399]; startup date [Fri Jan 29 17:09:18 CST 2016]; root of context hierarchy
[INFO][2016-01-29 17:09:18,257][org.springframework.beans.factory.xml.XmlBeanDefinitionReader]Loading XML bean definitions from class path resource [spring.xml]
[INFO][2016-01-29 17:09:18,563][org.springframework.context.support.ClassPathXmlApplicationContext]Bean factory for application context [org.springframework.context.support.ClassPathXmlApplicationContext@743399]: org.springframework.beans.factory.support.DefaultListableBeanFactory@15663a2
[INFO][2016-01-29 17:09:18,651][org.springframework.beans.factory.config.PropertyPlaceholderConfigurer]Loading properties file from class path resource [config.properties]
[INFO][2016-01-29 17:09:18,793][org.springframework.beans.factory.support.DefaultListableBeanFactory]Pre-instantiating singletons in org.springframework.beans.factory.support.DefaultListableBeanFactory@15663a2: defining beans [org.springframework.aop.config.internalAutoProxyCreator,logAspect,propertyConfigurer,userDao,userService,useraction]; root of factory hierarchy
[INFO][2016-01-29 17:09:18,822][org.springframework.beans.factory.support.DefaultListableBeanFactory]Destroying singletons in org.springframework.beans.factory.support.DefaultListableBeanFactory@15663a2: defining beans [org.springframework.aop.config.internalAutoProxyCreator,logAspect,propertyConfigurer,userDao,userService,useraction]; root of factory hierarchy
[INFO][2016-01-29 17:10:29,599][org.springframework.context.support.ClassPathXmlApplicationContext]Refreshing org.springframework.context.support.ClassPathXmlApplicationContext@84abc9: display name [org.springframework.context.support.ClassPathXmlApplicationContext@84abc9]; startup date [Fri Jan 29 17:10:29 CST 2016]; root of context hierarchy
[INFO][2016-01-29 17:10:29,867][org.springframework.beans.factory.xml.XmlBeanDefinitionReader]Loading XML bean definitions from class path resource [spring.xml]
[INFO][2016-01-29 17:10:30,170][org.springframework.context.support.ClassPathXmlApplicationContext]Bean factory for application context [org.springframework.context.support.ClassPathXmlApplicationContext@84abc9]: org.springframework.beans.factory.support.DefaultListableBeanFactory@105738
[INFO][2016-01-29 17:10:30,241][org.springframework.beans.factory.config.PropertyPlaceholderConfigurer]Loading properties file from class path resource [config.properties]
[INFO][2016-01-29 17:10:30,317][org.springframework.beans.factory.support.DefaultListableBeanFactory]Pre-instantiating singletons in org.springframework.beans.factory.support.DefaultListableBeanFactory@105738: defining beans [org.springframework.aop.config.internalAutoProxyCreator,logAspect,propertyConfigurer,userDao,userService,useraction]; root of factory hierarchy
[INFO][2016-01-29 17:10:30,344][org.springframework.beans.factory.support.DefaultListableBeanFactory]Destroying singletons in org.springframework.beans.factory.support.DefaultListableBeanFactory@105738: defining beans [org.springframework.aop.config.internalAutoProxyCreator,logAspect,propertyConfigurer,userDao,userService,useraction]; root of factory hierarchy
[INFO][2016-01-29 17:11:14,610][org.springframework.context.support.ClassPathXmlApplicationContext]Refreshing org.springframework.context.support.ClassPathXmlApplicationContext@2a340e: display name [org.springframework.context.support.ClassPathXmlApplicationContext@2a340e]; startup date [Fri Jan 29 17:11:14 CST 2016]; root of context hierarchy
[INFO][2016-01-29 17:11:14,736][org.springframework.beans.factory.xml.XmlBeanDefinitionReader]Loading XML bean definitions from class path resource [spring.xml]
[INFO][2016-01-29 17:11:15,022][org.springframework.context.support.ClassPathXmlApplicationContext]Bean factory for application context [org.springframework.context.support.ClassPathXmlApplicationContext@2a340e]: org.springframework.beans.factory.support.DefaultListableBeanFactory@341960
[INFO][2016-01-29 17:11:15,095][org.springframework.beans.factory.config.PropertyPlaceholderConfigurer]Loading properties file from class path resource [config.properties]
[INFO][2016-01-29 17:11:15,177][org.springframework.beans.factory.support.DefaultListableBeanFactory]Pre-instantiating singletons in org.springframework.beans.factory.support.DefaultListableBeanFactory@341960: defining beans [org.springframework.aop.config.internalAutoProxyCreator,logAspect,propertyConfigurer]; root of factory hierarchy
[INFO][2016-01-29 17:12:38,484][org.springframework.context.support.ClassPathXmlApplicationContext]Refreshing org.springframework.context.support.ClassPathXmlApplicationContext@19bd03e: display name [org.springframework.context.support.ClassPathXmlApplicationContext@19bd03e]; startup date [Fri Jan 29 17:12:38 CST 2016]; root of context hierarchy
[INFO][2016-01-29 17:12:38,602][org.springframework.beans.factory.xml.XmlBeanDefinitionReader]Loading XML bean definitions from class path resource [spring.xml]
[INFO][2016-01-29 17:12:38,901][org.springframework.context.support.ClassPathXmlApplicationContext]Bean factory for application context [org.springframework.context.support.ClassPathXmlApplicationContext@19bd03e]: org.springframework.beans.factory.support.DefaultListableBeanFactory@c4aad3
[INFO][2016-01-29 17:12:38,980][org.springframework.beans.factory.config.PropertyPlaceholderConfigurer]Loading properties file from class path resource [config.properties]
[INFO][2016-01-29 17:12:39,044][org.springframework.beans.factory.support.DefaultListableBeanFactory]Pre-instantiating singletons in org.springframework.beans.factory.support.DefaultListableBeanFactory@c4aad3: defining beans [org.springframework.aop.config.internalAutoProxyCreator,testAspect,propertyConfigurer]; root of factory hierarchy
[INFO][2016-01-29 17:13:32,951][org.springframework.context.support.ClassPathXmlApplicationContext]Refreshing org.springframework.context.support.ClassPathXmlApplicationContext@1c672d0: display name [org.springframework.context.support.ClassPathXmlApplicationContext@1c672d0]; startup date [Fri Jan 29 17:13:32 CST 2016]; root of context hierarchy
[INFO][2016-01-29 17:13:33,067][org.springframework.beans.factory.xml.XmlBeanDefinitionReader]Loading XML bean definitions from class path resource [spring.xml]
[INFO][2016-01-29 17:13:33,363][org.springframework.context.support.ClassPathXmlApplicationContext]Bean factory for application context [org.springframework.context.support.ClassPathXmlApplicationContext@1c672d0]: org.springframework.beans.factory.support.DefaultListableBeanFactory@1c9b9ca
[INFO][2016-01-29 17:13:33,476][org.springframework.beans.factory.config.PropertyPlaceholderConfigurer]Loading properties file from class path resource [config.properties]
[INFO][2016-01-29 17:13:33,532][org.springframework.beans.factory.support.DefaultListableBeanFactory]Pre-instantiating singletons in org.springframework.beans.factory.support.DefaultListableBeanFactory@1c9b9ca: defining beans [org.springframework.aop.config.internalAutoProxyCreator,testAspect,logAspect,propertyConfigurer]; root of factory hierarchy
[INFO][2016-01-29 17:13:34,275][org.springframework.beans.factory.support.DefaultListableBeanFactory]Destroying singletons in org.springframework.beans.factory.support.DefaultListableBeanFactory@1c9b9ca: defining beans [org.springframework.aop.config.internalAutoProxyCreator,testAspect,logAspect,propertyConfigurer]; root of factory hierarchy
[INFO][2016-01-29 17:18:50,994][org.springframework.context.support.ClassPathXmlApplicationContext]Refreshing org.springframework.context.support.ClassPathXmlApplicationContext@19bd03e: display name [org.springframework.context.support.ClassPathXmlApplicationContext@19bd03e]; startup date [Fri Jan 29 17:18:50 CST 2016]; root of context hierarchy
[INFO][2016-01-29 17:18:51,131][org.springframework.beans.factory.xml.XmlBeanDefinitionReader]Loading XML bean definitions from class path resource [spring.xml]
[INFO][2016-01-29 17:18:51,443][org.springframework.context.support.ClassPathXmlApplicationContext]Bean factory for application context [org.springframework.context.support.ClassPathXmlApplicationContext@19bd03e]: org.springframework.beans.factory.support.DefaultListableBeanFactory@1c9b9ca
[INFO][2016-01-29 17:18:51,523][org.springframework.beans.factory.config.PropertyPlaceholderConfigurer]Loading properties file from class path resource [config.properties]
[INFO][2016-01-29 17:18:51,587][org.springframework.beans.factory.support.DefaultListableBeanFactory]Pre-instantiating singletons in org.springframework.beans.factory.support.DefaultListableBeanFactory@1c9b9ca: defining beans [org.springframework.aop.config.internalAutoProxyCreator,testAspect,logAspect,propertyConfigurer]; root of factory hierarchy
[INFO][2016-01-29 17:18:52,090][org.springframework.beans.factory.support.DefaultListableBeanFactory]Destroying singletons in org.springframework.beans.factory.support.DefaultListableBeanFactory@1c9b9ca: defining beans [org.springframework.aop.config.internalAutoProxyCreator,testAspect,logAspect,propertyConfigurer]; root of factory hierarchy
[INFO][2016-01-29 17:25:50,784][org.springframework.context.support.ClassPathXmlApplicationContext]Refreshing org.springframework.context.support.ClassPathXmlApplicationContext@19bd03e: display name [org.springframework.context.support.ClassPathXmlApplicationContext@19bd03e]; startup date [Fri Jan 29 17:25:50 CST 2016]; root of context hierarchy
[INFO][2016-01-29 17:25:50,905][org.springframework.beans.factory.xml.XmlBeanDefinitionReader]Loading XML bean definitions from class path resource [spring.xml]
[INFO][2016-01-29 17:25:51,200][org.springframework.context.support.ClassPathXmlApplicationContext]Bean factory for application context [org.springframework.context.support.ClassPathXmlApplicationContext@19bd03e]: org.springframework.beans.factory.support.DefaultListableBeanFactory@1c9b9ca
[INFO][2016-01-29 17:25:51,279][org.springframework.beans.factory.config.PropertyPlaceholderConfigurer]Loading properties file from class path resource [config.properties]
[INFO][2016-01-29 17:25:51,337][org.springframework.beans.factory.support.DefaultListableBeanFactory]Pre-instantiating singletons in org.springframework.beans.factory.support.DefaultListableBeanFactory@1c9b9ca: defining beans [org.springframework.aop.config.internalAutoProxyCreator,testAspect,logAspect,propertyConfigurer]; root of factory hierarchy
[INFO][2016-01-29 17:26:48,414][org.springframework.context.support.ClassPathXmlApplicationContext]Refreshing org.springframework.context.support.ClassPathXmlApplicationContext@2a340e: display name [org.springframework.context.support.ClassPathXmlApplicationContext@2a340e]; startup date [Fri Jan 29 17:26:48 CST 2016]; root of context hierarchy
[INFO][2016-01-29 17:26:48,542][org.springframework.beans.factory.xml.XmlBeanDefinitionReader]Loading XML bean definitions from class path resource [spring.xml]
[INFO][2016-01-29 17:26:48,852][org.springframework.context.support.ClassPathXmlApplicationContext]Bean factory for application context [org.springframework.context.support.ClassPathXmlApplicationContext@2a340e]: org.springframework.beans.factory.support.DefaultListableBeanFactory@105738
[INFO][2016-01-29 17:26:48,933][org.springframework.beans.factory.config.PropertyPlaceholderConfigurer]Loading properties file from class path resource [config.properties]
[INFO][2016-01-29 17:26:49,000][org.springframework.beans.factory.support.DefaultListableBeanFactory]Pre-instantiating singletons in org.springframework.beans.factory.support.DefaultListableBeanFactory@105738: defining beans [org.springframework.aop.config.internalAutoProxyCreator,testAspect,logAspect,propertyConfigurer]; root of factory hierarchy
[INFO][2016-01-29 17:26:49,447][org.springframework.beans.factory.support.DefaultListableBeanFactory]Destroying singletons in org.springframework.beans.factory.support.DefaultListableBeanFactory@105738: defining beans [org.springframework.aop.config.internalAutoProxyCreator,testAspect,logAspect,propertyConfigurer]; root of factory hierarchy
[INFO][2016-01-29 17:30:25,058][org.springframework.context.support.ClassPathXmlApplicationContext]Refreshing org.springframework.context.support.ClassPathXmlApplicationContext@84abc9: display name [org.springframework.context.support.ClassPathXmlApplicationContext@84abc9]; startup date [Fri Jan 29 17:30:25 CST 2016]; root of context hierarchy
[INFO][2016-01-29 17:30:25,178][org.springframework.beans.factory.xml.XmlBeanDefinitionReader]Loading XML bean definitions from class path resource [spring.xml]
[INFO][2016-01-29 17:30:25,484][org.springframework.context.support.ClassPathXmlApplicationContext]Bean factory for application context [org.springframework.context.support.ClassPathXmlApplicationContext@84abc9]: org.springframework.beans.factory.support.DefaultListableBeanFactory@105738
[INFO][2016-01-29 17:30:25,556][org.springframework.beans.factory.config.PropertyPlaceholderConfigurer]Loading properties file from class path resource [config.properties]
[INFO][2016-01-29 17:30:25,615][org.springframework.beans.factory.support.DefaultListableBeanFactory]Pre-instantiating singletons in org.springframework.beans.factory.support.DefaultListableBeanFactory@105738: defining beans [org.springframework.aop.config.internalAutoProxyCreator,testAspect,logAspect,propertyConfigurer]; root of factory hierarchy
[INFO][2016-01-29 17:31:15,034][org.springframework.context.support.ClassPathXmlApplicationContext]Refreshing org.springframework.context.support.ClassPathXmlApplicationContext@913750: display name [org.springframework.context.support.ClassPathXmlApplicationContext@913750]; startup date [Fri Jan 29 17:31:15 CST 2016]; root of context hierarchy
[INFO][2016-01-29 17:31:15,143][org.springframework.beans.factory.xml.XmlBeanDefinitionReader]Loading XML bean definitions from class path resource [spring.xml]
[INFO][2016-01-29 17:31:15,431][org.springframework.context.support.ClassPathXmlApplicationContext]Bean factory for application context [org.springframework.context.support.ClassPathXmlApplicationContext@913750]: org.springframework.beans.factory.support.DefaultListableBeanFactory@10bc49d
[INFO][2016-01-29 17:31:15,501][org.springframework.beans.factory.config.PropertyPlaceholderConfigurer]Loading properties file from class path resource [config.properties]
[INFO][2016-01-29 17:31:15,553][org.springframework.beans.factory.support.DefaultListableBeanFactory]Pre-instantiating singletons in org.springframework.beans.factory.support.DefaultListableBeanFactory@10bc49d: defining beans [org.springframework.aop.config.internalAutoProxyCreator,testAspect,logAspect,propertyConfigurer]; root of factory hierarchy
